#
# There is insufficient memory for the Java Runtime Environment to continue.
# Native memory allocation (mmap) failed to map 120586240 bytes for committing reserved memory.
# Possible reasons:
#   The system is out of physical RAM or swap space
#   In 32 bit mode, the process size limit was hit
# Possible solutions:
#   Reduce memory load on the system
#   Increase physical memory or swap space
#   Check if swap backing store is full
#   Use 64 bit Java on a 64 bit OS
#   Decrease Java heap size (-Xmx/-Xms)
#   Decrease number of Java threads
#   Decrease Java thread stack sizes (-Xss)
#   Set larger code cache with -XX:ReservedCodeCacheSize=
# This output file may be truncated or incomplete.
#
#  Out of Memory Error (os_linux.cpp:2627), pid=8311, tid=0x00007f1d60221700
#
# JRE version: Java(TM) SE Runtime Environment (8.0_101-b13) (build 1.8.0_101-b13)
# Java VM: Java HotSpot(TM) 64-Bit Server VM (25.101-b13 mixed mode linux-amd64 compressed oops)
# Failed to write core dump. Core dumps have been disabled. To enable core dumping, try "ulimit -c unlimited" before starting Java again
#

---------------  T H R E A D  ---------------

Current thread (0x00007f1d94083800):  VMThread [stack: 0x00007f1d60121000,0x00007f1d60222000] [donationId=8321]

Stack: [0x00007f1d60121000,0x00007f1d60222000],  sp=0x00007f1d6021ffa0,  free space=1019k
Native frames: (J=compiled Java code, j=interpreted, Vv=VM code, C=native code)
V  [libjvm.so+0xac3f0a]  VMError::report_and_die()+0x2ba
V  [libjvm.so+0x4fbf9b]  report_vm_out_of_memory(char const*, int, unsigned long, VMErrorType, char const*)+0x8b
V  [libjvm.so+0x9222d3]  os::Linux::commit_memory_impl(char*, unsigned long, bool)+0x103
V  [libjvm.so+0x922829]  os::pd_commit_memory(char*, unsigned long, unsigned long, bool)+0x29
V  [libjvm.so+0x91cb2a]  os::commit_memory(char*, unsigned long, unsigned long, bool)+0x2a
V  [libjvm.so+0x991053]  PSVirtualSpace::expand_by(unsigned long)+0x53
V  [libjvm.so+0x992458]  PSYoungGen::resize_generation(unsigned long, unsigned long)+0xf8
V  [libjvm.so+0x9915b2]  PSYoungGen::resize(unsigned long, unsigned long)+0x22
V  [libjvm.so+0x98e88b]  PSScavenge::invoke_no_policy()+0xf3b
V  [libjvm.so+0x98f011]  PSScavenge::invoke()+0x41
V  [libjvm.so+0x945fc0]  ParallelScavengeHeap::failed_mem_allocate(unsigned long)+0x70
V  [libjvm.so+0xac5927]  VM_ParallelGCFailedAllocation::doit()+0x97
V  [libjvm.so+0xacd405]  VM_Operation::evaluate()+0x55
V  [libjvm.so+0xacb7da]  VMThread::evaluate_operation(VM_Operation*)+0xba
V  [libjvm.so+0xacbb5e]  VMThread::loop()+0x1ce
V  [libjvm.so+0xacbfd0]  VMThread::run()+0x70
V  [libjvm.so+0x924698]  java_start(Thread*)+0x108

VM_Operation (0x00007f1d9b8175c0): ParallelGCFailedAllocation, mode: safepoint, requested by thread 0x00007f1d9400d800


---------------  P R O C E S S  ---------------

Java Threads: ( => current thread )
  0x00007f1d94402000 JavaThread "Monitor Ctrl-Break" daemon [_thread_in_native, donationId=8331, stack(0x00007f1d5af95000,0x00007f1d5b096000)]
  0x00007f1d940d6800 JavaThread "Service Thread" daemon [_thread_blocked, donationId=8329, stack(0x00007f1d5b621000,0x00007f1d5b722000)]
  0x00007f1d940cb000 JavaThread "C1 CompilerThread3" daemon [_thread_blocked, donationId=8328, stack(0x00007f1d5b722000,0x00007f1d5b823000)]
  0x00007f1d940c9000 JavaThread "C2 CompilerThread2" daemon [_thread_blocked, donationId=8327, stack(0x00007f1d5b823000,0x00007f1d5b924000)]
  0x00007f1d940c7000 JavaThread "C2 CompilerThread1" daemon [_thread_blocked, donationId=8326, stack(0x00007f1d5b924000,0x00007f1d5ba25000)]
  0x00007f1d940c4800 JavaThread "C2 CompilerThread0" daemon [_thread_blocked, donationId=8325, stack(0x00007f1d5ba25000,0x00007f1d5bb26000)]
  0x00007f1d940c3000 JavaThread "Signal Dispatcher" daemon [_thread_blocked, donationId=8324, stack(0x00007f1d5bb26000,0x00007f1d5bc27000)]
  0x00007f1d94090000 JavaThread "Finalizer" daemon [_thread_blocked, donationId=8323, stack(0x00007f1d5beff000,0x00007f1d5c000000)]
  0x00007f1d9408b000 JavaThread "Reference Handler" daemon [_thread_blocked, donationId=8322, stack(0x00007f1d60020000,0x00007f1d60121000)]
  0x00007f1d9400d800 JavaThread "main" [_thread_blocked, donationId=8312, stack(0x00007f1d9b71b000,0x00007f1d9b81c000)]

Other Threads:
=>0x00007f1d94083800 VMThread [stack: 0x00007f1d60121000,0x00007f1d60222000] [donationId=8321]
  0x00007f1d940d9800 WatcherThread [stack: 0x00007f1d5b520000,0x00007f1d5b621000] [donationId=8330]

VM state:at safepoint (normal execution)

VM Mutex/Monitor currently owned by a thread:  ([mutex/lock_event])
[0x00007f1d94009d30] Threads_lock - owner thread: 0x00007f1d94083800
[0x00007f1d9400a230] Heap_lock - owner thread: 0x00007f1d9400d800

Heap:
 PSYoungGen      total 130048K, used 8185K [0x00000000eb800000, 0x00000000f4080000, 0x0000000100000000)
  eden space 121856K, 0% used [0x00000000eb800000,0x00000000eb800000,0x00000000f2f00000)
  from space 8192K, 99% used [0x00000000f3080000,0x00000000f387e4d0,0x00000000f3880000)
  to   space 4608K, 0% used [0x00000000f3c00000,0x00000000f3c00000,0x00000000f4080000)
 ParOldGen       total 34304K, used 19188K [0x00000000c2800000, 0x00000000c4980000, 0x00000000eb800000)
  object space 34304K, 55% used [0x00000000c2800000,0x00000000c3abd0f8,0x00000000c4980000)
 Metaspace       used 31769K, capacity 33188K, committed 33328K, reserved 1079296K
  class space    used 4123K, capacity 4389K, committed 4400K, reserved 1048576K

Card table byte_map: [0x00007f1d982d9000,0x00007f1d984c6000] byte_map_base: 0x00007f1d97cc5000

Marking Bits: (ParMarkBitMap*) 0x00007f1d9abee120
 Begin Bits: [0x00007f1d62140000, 0x00007f1d630a0000)
 End Bits:   [0x00007f1d630a0000, 0x00007f1d64000000)

Polling page: 0x00007f1d9b840000

CodeCache: size=245760Kb used=11504Kb max_used=11525Kb free=234255Kb
 bounds [0x00007f1d85000000, 0x00007f1d85b50000, 0x00007f1d94000000]
 total_blobs=3616 nmethods=3219 adapters=310
 compilation: enabled

Compilation events (10 events):
Event: 5.185 Thread 0x00007f1d940cb000 3222       3       org.apache.tomcat.util.modeler.OperationInfo::<init> (36 bytes)
Event: 5.186 Thread 0x00007f1d940cb000 nmethod 3222 0x00007f1d85b40dd0 code [0x00007f1d85b40f60, 0x00007f1d85b413a8]
Event: 5.186 Thread 0x00007f1d940cb000 3227       3       java.util.concurrent.locks.ReentrantReadWriteLock$Sync::sharedCount (5 bytes)
Event: 5.186 Thread 0x00007f1d940cb000 nmethod 3227 0x00007f1d85b41510 code [0x00007f1d85b41660, 0x00007f1d85b41790]
Event: 5.196 Thread 0x00007f1d940cb000 3229       3       java.util.Locale::equals (75 bytes)
Event: 5.197 Thread 0x00007f1d940cb000 nmethod 3229 0x00007f1d85b41810 code [0x00007f1d85b419e0, 0x00007f1d85b42218]
Event: 5.200 Thread 0x00007f1d940c9000 nmethod 3223 0x00007f1d85b47dd0 code [0x00007f1d85b47f20, 0x00007f1d85b48028]
Event: 5.200 Thread 0x00007f1d940c7000 nmethod 3221 0x00007f1d85b46290 code [0x00007f1d85b463e0, 0x00007f1d85b464d8]
Event: 5.200 Thread 0x00007f1d940c7000 3228       4       java.util.zip.ZipEntry::setExtra0 (360 bytes)
Event: 5.201 Thread 0x00007f1d940c7000 nmethod 3228 0x00007f1d85b465d0 code [0x00007f1d85b46720, 0x00007f1d85b467d8]

GC Heap History (10 events):
Event: 1.719 GC heap after
Heap after GC invocations=3 (full 0):
 PSYoungGen      total 34304K, used 2544K [0x00000000eb800000, 0x00000000efb00000, 0x0000000100000000)
  eden space 31744K, 0% used [0x00000000eb800000,0x00000000eb800000,0x00000000ed700000)
  from space 2560K, 99% used [0x00000000ed700000,0x00000000ed97c010,0x00000000ed980000)
  to   space 2560K, 0% used [0x00000000ef880000,0x00000000ef880000,0x00000000efb00000)
 ParOldGen       total 42496K, used 3821K [0x00000000c2800000, 0x00000000c5180000, 0x00000000eb800000)
  object space 42496K, 8% used [0x00000000c2800000,0x00000000c2bbb7f0,0x00000000c5180000)
 Metaspace       used 13360K, capacity 13832K, committed 13952K, reserved 1060864K
  class space    used 1720K, capacity 1855K, committed 1920K, reserved 1048576K
}
Event: 2.087 GC heap before
{Heap before GC invocations=4 (full 0):
 PSYoungGen      total 34304K, used 34288K [0x00000000eb800000, 0x00000000efb00000, 0x0000000100000000)
  eden space 31744K, 100% used [0x00000000eb800000,0x00000000ed700000,0x00000000ed700000)
  from space 2560K, 99% used [0x00000000ed700000,0x00000000ed97c010,0x00000000ed980000)
  to   space 2560K, 0% used [0x00000000ef880000,0x00000000ef880000,0x00000000efb00000)
 ParOldGen       total 42496K, used 3821K [0x00000000c2800000, 0x00000000c5180000, 0x00000000eb800000)
  object space 42496K, 8% used [0x00000000c2800000,0x00000000c2bbb7f0,0x00000000c5180000)
 Metaspace       used 16350K, capacity 16864K, committed 17024K, reserved 1064960K
  class space    used 2158K, capacity 2305K, committed 2432K, reserved 1048576K
Event: 2.100 GC heap after
Heap after GC invocations=4 (full 0):
 PSYoungGen      total 66048K, used 2528K [0x00000000eb800000, 0x00000000efb00000, 0x0000000100000000)
  eden space 63488K, 0% used [0x00000000eb800000,0x00000000eb800000,0x00000000ef600000)
  from space 2560K, 98% used [0x00000000ef880000,0x00000000efaf8020,0x00000000efb00000)
  to   space 2560K, 0% used [0x00000000ef600000,0x00000000ef600000,0x00000000ef880000)
 ParOldGen       total 42496K, used 7072K [0x00000000c2800000, 0x00000000c5180000, 0x00000000eb800000)
  object space 42496K, 16% used [0x00000000c2800000,0x00000000c2ee81a8,0x00000000c5180000)
 Metaspace       used 16350K, capacity 16864K, committed 17024K, reserved 1064960K
  class space    used 2158K, capacity 2305K, committed 2432K, reserved 1048576K
}
Event: 2.476 GC heap before
{Heap before GC invocations=5 (full 0):
 PSYoungGen      total 66048K, used 42103K [0x00000000eb800000, 0x00000000efb00000, 0x0000000100000000)
  eden space 63488K, 62% used [0x00000000eb800000,0x00000000edea5ce8,0x00000000ef600000)
  from space 2560K, 98% used [0x00000000ef880000,0x00000000efaf8020,0x00000000efb00000)
  to   space 2560K, 0% used [0x00000000ef600000,0x00000000ef600000,0x00000000ef880000)
 ParOldGen       total 42496K, used 7072K [0x00000000c2800000, 0x00000000c5180000, 0x00000000eb800000)
  object space 42496K, 16% used [0x00000000c2800000,0x00000000c2ee81a8,0x00000000c5180000)
 Metaspace       used 20615K, capacity 21206K, committed 21296K, reserved 1067008K
  class space    used 2665K, capacity 2852K, committed 2864K, reserved 1048576K
Event: 2.483 GC heap after
Heap after GC invocations=5 (full 0):
 PSYoungGen      total 66048K, used 2560K [0x00000000eb800000, 0x00000000f4400000, 0x0000000100000000)
  eden space 63488K, 0% used [0x00000000eb800000,0x00000000eb800000,0x00000000ef600000)
  from space 2560K, 100% used [0x00000000ef600000,0x00000000ef880000,0x00000000ef880000)
  to   space 8192K, 0% used [0x00000000f3c00000,0x00000000f3c00000,0x00000000f4400000)
 ParOldGen       total 42496K, used 11832K [0x00000000c2800000, 0x00000000c5180000, 0x00000000eb800000)
  object space 42496K, 27% used [0x00000000c2800000,0x00000000c338e318,0x00000000c5180000)
 Metaspace       used 20615K, capacity 21206K, committed 21296K, reserved 1067008K
  class space    used 2665K, capacity 2852K, committed 2864K, reserved 1048576K
}
Event: 2.483 GC heap before
{Heap before GC invocations=6 (full 1):
 PSYoungGen      total 66048K, used 2560K [0x00000000eb800000, 0x00000000f4400000, 0x0000000100000000)
  eden space 63488K, 0% used [0x00000000eb800000,0x00000000eb800000,0x00000000ef600000)
  from space 2560K, 100% used [0x00000000ef600000,0x00000000ef880000,0x00000000ef880000)
  to   space 8192K, 0% used [0x00000000f3c00000,0x00000000f3c00000,0x00000000f4400000)
 ParOldGen       total 42496K, used 11832K [0x00000000c2800000, 0x00000000c5180000, 0x00000000eb800000)
  object space 42496K, 27% used [0x00000000c2800000,0x00000000c338e318,0x00000000c5180000)
 Metaspace       used 20615K, capacity 21206K, committed 21296K, reserved 1067008K
  class space    used 2665K, capacity 2852K, committed 2864K, reserved 1048576K
Event: 2.514 GC heap after
Heap after GC invocations=6 (full 1):
 PSYoungGen      total 66048K, used 0K [0x00000000eb800000, 0x00000000f4400000, 0x0000000100000000)
  eden space 63488K, 0% used [0x00000000eb800000,0x00000000eb800000,0x00000000ef600000)
  from space 2560K, 0% used [0x00000000ef600000,0x00000000ef600000,0x00000000ef880000)
  to   space 8192K, 0% used [0x00000000f3c00000,0x00000000f3c00000,0x00000000f4400000)
 ParOldGen       total 34304K, used 10664K [0x00000000c2800000, 0x00000000c4980000, 0x00000000eb800000)
  object space 34304K, 31% used [0x00000000c2800000,0x00000000c326a3b8,0x00000000c4980000)
 Metaspace       used 20615K, capacity 21206K, committed 21296K, reserved 1067008K
  class space    used 2665K, capacity 2852K, committed 2864K, reserved 1048576K
}
Event: 2.948 GC heap before
{Heap before GC invocations=7 (full 1):
 PSYoungGen      total 66048K, used 63488K [0x00000000eb800000, 0x00000000f4400000, 0x0000000100000000)
  eden space 63488K, 100% used [0x00000000eb800000,0x00000000ef600000,0x00000000ef600000)
  from space 2560K, 0% used [0x00000000ef600000,0x00000000ef600000,0x00000000ef880000)
  to   space 8192K, 0% used [0x00000000f3c00000,0x00000000f3c00000,0x00000000f4400000)
 ParOldGen       total 34304K, used 10664K [0x00000000c2800000, 0x00000000c4980000, 0x00000000eb800000)
  object space 34304K, 31% used [0x00000000c2800000,0x00000000c326a3b8,0x00000000c4980000)
 Metaspace       used 23609K, capacity 24358K, committed 24496K, reserved 1071104K
  class space    used 3027K, capacity 3224K, committed 3248K, reserved 1048576K
Event: 3.071 GC heap after
Heap after GC invocations=7 (full 1):
 PSYoungGen      total 126464K, used 4422K [0x00000000eb800000, 0x00000000f4080000, 0x0000000100000000)
  eden space 121856K, 0% used [0x00000000eb800000,0x00000000eb800000,0x00000000f2f00000)
  from space 4608K, 95% used [0x00000000f3c00000,0x00000000f4051808,0x00000000f4080000)
  to   space 8192K, 0% used [0x00000000f3080000,0x00000000f3080000,0x00000000f3880000)
 ParOldGen       total 34304K, used 10736K [0x00000000c2800000, 0x00000000c4980000, 0x00000000eb800000)
  object space 34304K, 31% used [0x00000000c2800000,0x00000000c327c3c8,0x00000000c4980000)
 Metaspace       used 23609K, capacity 24358K, committed 24496K, reserved 1071104K
  class space    used 3027K, capacity 3224K, committed 3248K, reserved 1048576K
}
Event: 5.205 GC heap before
{Heap before GC invocations=8 (full 1):
 PSYoungGen      total 126464K, used 126278K [0x00000000eb800000, 0x00000000f4080000, 0x0000000100000000)
  eden space 121856K, 100% used [0x00000000eb800000,0x00000000f2f00000,0x00000000f2f00000)
  from space 4608K, 95% used [0x00000000f3c00000,0x00000000f4051808,0x00000000f4080000)
  to   space 8192K, 0% used [0x00000000f3080000,0x00000000f3080000,0x00000000f3880000)
 ParOldGen       total 34304K, used 10736K [0x00000000c2800000, 0x00000000c4980000, 0x00000000eb800000)
  object space 34304K, 31% used [0x00000000c2800000,0x00000000c327c3c8,0x00000000c4980000)
 Metaspace       used 31769K, capacity 33188K, committed 33328K, reserved 1079296K
  class space    used 4123K, capacity 4389K, committed 4400K, reserved 1048576K

Deoptimization events (10 events):
Event: 4.441 Thread 0x00007f1d9400d800 Uncommon trap: reason=unstable_if action=reinterpret pc=0x00007f1d859737e0 method=jdk.internal.org.objectweb.asm.Item.isEqualTo(Ljdk/internal/org/objectweb/asm/Item;)Z @ 331
Event: 4.652 Thread 0x00007f1d9400d800 Uncommon trap: reason=unstable_if action=reinterpret pc=0x00007f1d859613cc method=org.springframework.util.ConcurrentReferenceHashMap$Segment.findInChain(Lorg/springframework/util/ConcurrentReferenceHashMap$Reference;Ljava/lang/Object;I)Lorg/springframewo
Event: 4.652 Thread 0x00007f1d9400d800 Uncommon trap: reason=unstable_if action=reinterpret pc=0x00007f1d856e1338 method=org.springframework.util.ConcurrentReferenceHashMap$Segment.findInChain(Lorg/springframework/util/ConcurrentReferenceHashMap$Reference;Ljava/lang/Object;I)Lorg/springframewo
Event: 4.759 Thread 0x00007f1d9400d800 Uncommon trap: reason=class_check action=maybe_recompile pc=0x00007f1d85998254 method=java.util.AbstractList$Itr.hasNext()Z @ 8
Event: 4.759 Thread 0x00007f1d9400d800 Uncommon trap: reason=class_check action=maybe_recompile pc=0x00007f1d85a02288 method=java.util.AbstractList$Itr.next()Ljava/lang/Object; @ 14
Event: 4.800 Thread 0x00007f1d9400d800 Uncommon trap: reason=unstable_if action=reinterpret pc=0x00007f1d85636a2c method=java.util.LinkedHashMap.get(Ljava/lang/Object;)Ljava/lang/Object; @ 20
Event: 4.824 Thread 0x00007f1d9400d800 Uncommon trap: reason=unstable_if action=reinterpret pc=0x00007f1d8546225c method=java.util.Properties.loadConvert([CII[C)Ljava/lang/String; @ 57
Event: 4.881 Thread 0x00007f1d9400d800 Uncommon trap: reason=unstable_if action=reinterpret pc=0x00007f1d854ba8b8 method=sun.misc.ASCIICaseInsensitiveComparator.compare(Ljava/lang/String;Ljava/lang/String;)I @ 83
Event: 4.889 Thread 0x00007f1d9400d800 Uncommon trap: reason=predicate action=maybe_recompile pc=0x00007f1d853b59c4 method=java.lang.String.regionMatches(ZILjava/lang/String;II)Z @ 63
Event: 5.176 Thread 0x00007f1d9400d800 Uncommon trap: reason=unstable_if action=reinterpret pc=0x00007f1d85b26f00 method=org.apache.tomcat.util.IntrospectionUtils.setProperty(Ljava/lang/Object;Ljava/lang/String;Ljava/lang/String;Z)Z @ 520

Internal exceptions (10 events):
Event: 4.710 Thread 0x00007f1d9400d800 Exception <a 'java/lang/ClassNotFoundException': org/springframework/boot/autoconfigure/web/servlet/error/ErrorViewResolverCustomizer> (0x00000000f1c9a218) thrown at [/HUDSON3/workspace/8-2-build-linux-amd64/jdk8u101/7261/hotspot/src/share/vm/classfile/sy
Event: 4.711 Thread 0x00007f1d9400d800 Exception <a 'java/lang/ClassNotFoundException': org/springframework/core/OrderedCustomizer> (0x00000000f1cade98) thrown at [/HUDSON3/workspace/8-2-build-linux-amd64/jdk8u101/7261/hotspot/src/share/vm/classfile/systemDictionary.cpp, line 210]
Event: 4.719 Thread 0x00007f1d9400d800 Exception <a 'java/lang/ClassNotFoundException': java/lang/ObjectCustomizer> (0x00000000f1cf7828) thrown at [/HUDSON3/workspace/8-2-build-linux-amd64/jdk8u101/7261/hotspot/src/share/vm/classfile/systemDictionary.cpp, line 210]
Event: 4.719 Thread 0x00007f1d9400d800 Exception <a 'java/lang/ClassNotFoundException': org/springframework/boot/autoconfigure/web/servlet/error/ErrorMvcAutoConfigurationCustomizer> (0x00000000f1d17e10) thrown at [/HUDSON3/workspace/8-2-build-linux-amd64/jdk8u101/7261/hotspot/src/share/vm/clas
Event: 4.720 Thread 0x00007f1d9400d800 Exception <a 'java/lang/ClassNotFoundException': org/springframework/boot/autoconfigure/web/servlet/error/ErrorMvcAutoConfiguration$$EnhancerBySpringCGLIB$$65b015bfCustomizer> (0x00000000f1d3f940) thrown at [/HUDSON3/workspace/8-2-build-linux-amd64/jdk8u1
Event: 4.721 Thread 0x00007f1d9400d800 Exception <a 'java/lang/ClassNotFoundException': org/springframework/context/annotation/ConfigurationClassEnhancer$EnhancedConfigurationCustomizer> (0x00000000f1d67730) thrown at [/HUDSON3/workspace/8-2-build-linux-amd64/jdk8u101/7261/hotspot/src/share/vm
Event: 4.731 Thread 0x00007f1d9400d800 Exception <a 'java/lang/ClassNotFoundException': java/lang/ObjectCustomizer> (0x00000000f1dfb1f0) thrown at [/HUDSON3/workspace/8-2-build-linux-amd64/jdk8u101/7261/hotspot/src/share/vm/classfile/systemDictionary.cpp, line 210]
Event: 4.733 Thread 0x00007f1d9400d800 Exception <a 'java/lang/ClassNotFoundException': org/springframework/boot/autoconfigure/web/servlet/error/ErrorMvcAutoConfiguration$ErrorPageCustomizerCustomizer> (0x00000000f1e1fa10) thrown at [/HUDSON3/workspace/8-2-build-linux-amd64/jdk8u101/7261/hotsp
Event: 4.734 Thread 0x00007f1d9400d800 Exception <a 'java/lang/ClassNotFoundException': org/springframework/boot/web/server/ErrorPageRegistrarCustomizer> (0x00000000f1e39d28) thrown at [/HUDSON3/workspace/8-2-build-linux-amd64/jdk8u101/7261/hotspot/src/share/vm/classfile/systemDictionary.cpp, 
Event: 4.734 Thread 0x00007f1d9400d800 Exception <a 'java/lang/ClassNotFoundException': org/springframework/core/OrderedCustomizer> (0x00000000f1e4a8c0) thrown at [/HUDSON3/workspace/8-2-build-linux-amd64/jdk8u101/7261/hotspot/src/share/vm/classfile/systemDictionary.cpp, line 210]

Events (10 events):
Event: 5.195 loading class org/apache/tomcat/util/compat/LocalStrings done
Event: 5.196 loading class org/apache/tomcat/util/compat/LocalStrings_en
Event: 5.196 loading class org/apache/tomcat/util/compat/LocalStrings_en done
Event: 5.196 loading class org/apache/tomcat/util/compat/LocalStrings_en_US
Event: 5.196 loading class org/apache/tomcat/util/compat/LocalStrings_en_US done
Event: 5.197 loading class javax/net/ssl/SSLParameters
Event: 5.199 loading class javax/net/ssl/SSLParameters done
Event: 5.199 loading class java/security/AlgorithmConstraints
Event: 5.200 loading class java/security/AlgorithmConstraints done
Event: 5.203 Executing VM operation: ParallelGCFailedAllocation


Dynamic libraries:
00400000-00401000 r-xp 00000000 08:01 278576                             /usr/lib/jvm/java-8-oracle/bin/java
00600000-00601000 rw-p 00000000 08:01 278576                             /usr/lib/jvm/java-8-oracle/bin/java
01fbf000-01fe0000 rw-p 00000000 00:00 0                                  [heap]
c2800000-c4980000 rw-p 00000000 00:00 0 
c4980000-eb800000 ---p 00000000 00:00 0 
eb800000-f4080000 rw-p 00000000 00:00 0 
fb380000-100000000 ---p 00000000 00:00 0 
100000000-10044c000 rw-p 00000000 00:00 0 
10044c000-140000000 ---p 00000000 00:00 0 
7f1d20000000-7f1d20021000 rw-p 00000000 00:00 0 
7f1d20021000-7f1d24000000 ---p 00000000 00:00 0 
7f1d28000000-7f1d2853b000 rw-p 00000000 00:00 0 
7f1d2853b000-7f1d2c000000 ---p 00000000 00:00 0 
7f1d2cfff000-7f1d30000000 rw-p 00000000 00:00 0 
7f1d30000000-7f1d30021000 rw-p 00000000 00:00 0 
7f1d30021000-7f1d34000000 ---p 00000000 00:00 0 
7f1d34000000-7f1d3404e000 rw-p 00000000 00:00 0 
7f1d3404e000-7f1d38000000 ---p 00000000 00:00 0 
7f1d38000000-7f1d38ce2000 rw-p 00000000 00:00 0 
7f1d38ce2000-7f1d3c000000 ---p 00000000 00:00 0 
7f1d3c000000-7f1d3c021000 rw-p 00000000 00:00 0 
7f1d3c021000-7f1d40000000 ---p 00000000 00:00 0 
7f1d40000000-7f1d4171f000 rw-p 00000000 00:00 0 
7f1d4171f000-7f1d44000000 ---p 00000000 00:00 0 
7f1d44000000-7f1d45095000 rw-p 00000000 00:00 0 
7f1d45095000-7f1d48000000 ---p 00000000 00:00 0 
7f1d48000000-7f1d48021000 rw-p 00000000 00:00 0 
7f1d48021000-7f1d4c000000 ---p 00000000 00:00 0 
7f1d4c000000-7f1d4d46e000 rw-p 00000000 00:00 0 
7f1d4d46e000-7f1d50000000 ---p 00000000 00:00 0 
7f1d50000000-7f1d50021000 rw-p 00000000 00:00 0 
7f1d50021000-7f1d54000000 ---p 00000000 00:00 0 
7f1d54000000-7f1d54021000 rw-p 00000000 00:00 0 
7f1d54021000-7f1d58000000 ---p 00000000 00:00 0 
7f1d590c3000-7f1d59103000 rw-p 00000000 00:00 0 
7f1d59103000-7f1d592c3000 ---p 00000000 00:00 0 
7f1d592c3000-7f1d592c8000 r--s 002f9000 08:01 278718                     /usr/lib/jvm/java-8-oracle/jre/lib/charsets.jar
7f1d592c8000-7f1d592cc000 r--s 00097000 08:01 278865                     /usr/lib/jvm/java-8-oracle/jre/lib/jsse.jar
7f1d592cc000-7f1d594cc000 rw-p 00000000 00:00 0 
7f1d594cc000-7f1d596cc000 rw-p 00000000 00:00 0 
7f1d596cc000-7f1d598cc000 rw-p 00000000 00:00 0 
7f1d598cc000-7f1d59acc000 rw-p 00000000 00:00 0 
7f1d59acc000-7f1d59ccc000 rw-p 00000000 00:00 0 
7f1d59ccc000-7f1d59ccf000 ---p 00000000 00:00 0 
7f1d59ccf000-7f1d59fcd000 rw-p 00000000 00:00 0 
7f1d59fcd000-7f1d59fde000 r-xp 00000000 08:01 278644                     /usr/lib/jvm/java-8-oracle/jre/lib/amd64/libnio.so
7f1d59fde000-7f1d5a1dd000 ---p 00011000 08:01 278644                     /usr/lib/jvm/java-8-oracle/jre/lib/amd64/libnio.so
7f1d5a1dd000-7f1d5a1de000 rw-p 00010000 08:01 278644                     /usr/lib/jvm/java-8-oracle/jre/lib/amd64/libnio.so
7f1d5a1de000-7f1d5a3de000 rw-p 00000000 00:00 0 
7f1d5a3de000-7f1d5a5de000 rw-p 00000000 00:00 0 
7f1d5a5de000-7f1d5a674000 r--s 01102000 08:01 278855                     /usr/lib/jvm/java-8-oracle/jre/lib/ext/jfxrt.jar
7f1d5a674000-7f1d5a67d000 r-xp 00000000 08:01 278693                     /usr/lib/jvm/java-8-oracle/jre/lib/amd64/libmanagement.so
7f1d5a67d000-7f1d5a87c000 ---p 00009000 08:01 278693                     /usr/lib/jvm/java-8-oracle/jre/lib/amd64/libmanagement.so
7f1d5a87c000-7f1d5a87d000 rw-p 00008000 08:01 278693                     /usr/lib/jvm/java-8-oracle/jre/lib/amd64/libmanagement.so
7f1d5a87d000-7f1d5aa7d000 rw-p 00000000 00:00 0 
7f1d5aa7d000-7f1d5ac7d000 rw-p 00000000 00:00 0 
7f1d5ac7d000-7f1d5ac80000 ---p 00000000 00:00 0 
7f1d5ac80000-7f1d5ad7e000 rw-p 00000000 00:00 0 
7f1d5ad7e000-7f1d5ad94000 r-xp 00000000 08:01 278678                     /usr/lib/jvm/java-8-oracle/jre/lib/amd64/libnet.so
7f1d5ad94000-7f1d5af94000 ---p 00016000 08:01 278678                     /usr/lib/jvm/java-8-oracle/jre/lib/amd64/libnet.so
7f1d5af94000-7f1d5af95000 rw-p 00016000 08:01 278678                     /usr/lib/jvm/java-8-oracle/jre/lib/amd64/libnet.so
7f1d5af95000-7f1d5af98000 ---p 00000000 00:00 0 
7f1d5af98000-7f1d5b096000 rw-p 00000000 00:00 0 
7f1d5b096000-7f1d5b097000 r-xp 00000000 08:01 1080697                    /opt/idea-IU-162.1628.40/bin/libbreakgen64.so
7f1d5b097000-7f1d5b296000 ---p 00001000 08:01 1080697                    /opt/idea-IU-162.1628.40/bin/libbreakgen64.so
7f1d5b296000-7f1d5b297000 r--p 00000000 08:01 1080697                    /opt/idea-IU-162.1628.40/bin/libbreakgen64.so
7f1d5b297000-7f1d5b298000 rw-p 00001000 08:01 1080697                    /opt/idea-IU-162.1628.40/bin/libbreakgen64.so
7f1d5b298000-7f1d5b29a000 r--s 0001e000 08:01 1448163                    /opt/idea-IU-162.1628.40/lib/idea_rt.jar
7f1d5b29a000-7f1d5b2a6000 r--s 0005c000 08:01 1069445                    /home/shane/.m2/repository/org/springframework/security/spring-security-core/5.0.8.RELEASE/spring-security-core-5.0.8.RELEASE.jar
7f1d5b2a6000-7f1d5b2a8000 r--s 00004000 08:01 970319                     /home/shane/.m2/repository/org/springframework/spring-jcl/5.0.9.RELEASE/spring-jcl-5.0.9.RELEASE.jar
7f1d5b2a8000-7f1d5b2c0000 r--s 00114000 08:01 970323                     /home/shane/.m2/repository/org/springframework/spring-core/5.0.9.RELEASE/spring-core-5.0.9.RELEASE.jar
7f1d5b2c0000-7f1d5b2c9000 r--s 000ed000 08:01 1069422                    /home/shane/.m2/repository/mysql/mysql-connector-java/5.1.47/mysql-connector-java-5.1.47.jar
7f1d5b2c9000-7f1d5b2d8000 r--s 000b3000 08:01 1069432                    /home/shane/.m2/repository/org/springframework/spring-webmvc/5.0.9.RELEASE/spring-webmvc-5.0.9.RELEASE.jar
7f1d5b2d8000-7f1d5b2f2000 r--s 0011b000 08:01 1069434                    /home/shane/.m2/repository/org/springframework/spring-web/5.0.9.RELEASE/spring-web-5.0.9.RELEASE.jar
7f1d5b2f2000-7f1d5b2f7000 r--s 00012000 08:01 1064879                    /home/shane/.m2/repository/javax/validation/validation-api/2.0.1.Final/validation-api-2.0.1.Final.jar
7f1d5b2f7000-7f1d5b314000 r--s 000fe000 08:01 1069417                    /home/shane/.m2/repository/org/hibernate/validator/hibernate-validator/6.0.12.Final/hibernate-validator-6.0.12.Final.jar
7f1d5b314000-7f1d5b319000 r--s 0003a000 08:01 1069419                    /home/shane/.m2/repository/org/apache/tomcat/embed/tomcat-embed-websocket/8.5.34/tomcat-embed-websocket-8.5.34.jar
7f1d5b319000-7f1d5b31e000 r--s 00038000 08:01 1069418                    /home/shane/.m2/repository/org/apache/tomcat/embed/tomcat-embed-el/8.5.34/tomcat-embed-el-8.5.34.jar
7f1d5b31e000-7f1d5b348000 r--s 002d5000 08:01 1069441                    /home/shane/.m2/repository/org/apache/tomcat/embed/tomcat-embed-core/8.5.34/tomcat-embed-core-8.5.34.jar
7f1d5b348000-7f1d5b349000 r--s 00000000 08:01 1069415                    /home/shane/.m2/repository/org/springframework/boot/spring-boot-starter-tomcat/2.0.5.RELEASE/spring-boot-starter-tomcat-2.0.5.RELEASE.jar
7f1d5b349000-7f1d5b34b000 r--s 00001000 08:01 970315                     /home/shane/.m2/repository/com/fasterxml/jackson/module/jackson-module-parameter-names/2.9.6/jackson-module-parameter-names-2.9.6.jar
7f1d5b34b000-7f1d5b34e000 r--s 00016000 08:01 970317                     /home/shane/.m2/repository/com/fasterxml/jackson/datatype/jackson-datatype-jsr310/2.9.6/jackson-datatype-jsr310-2.9.6.jar
7f1d5b34e000-7f1d5b350000 r--s 00007000 08:01 970313                     /home/shane/.m2/repository/com/fasterxml/jackson/datatype/jackson-datatype-jdk8/2.9.6/jackson-datatype-jdk8-2.9.6.jar
7f1d5b350000-7f1d5b355000 r--s 0004b000 08:01 1069408                    /home/shane/.m2/repository/com/fasterxml/jackson/core/jackson-core/2.9.6/jackson-core-2.9.6.jar
7f1d5b355000-7f1d5b358000 r--s 0000e000 08:01 1064822                    /home/shane/.m2/repository/com/fasterxml/jackson/core/jackson-annotations/2.9.0/jackson-annotations-2.9.0.jar
7f1d5b358000-7f1d5b36b000 r--s 00137000 08:01 1069409                    /home/shane/.m2/repository/com/fasterxml/jackson/core/jackson-databind/2.9.6/jackson-databind-2.9.6.jar
7f1d5b36b000-7f1d5b36c000 r--s 00000000 08:01 970309                     /home/shane/.m2/repository/org/springframework/boot/spring-boot-starter-json/2.0.5.RELEASE/spring-boot-starter-json-2.0.5.RELEASE.jar
7f1d5b36c000-7f1d5b36d000 r--s 00000000 08:01 1069405                    /home/shane/.m2/repository/org/springframework/boot/spring-boot-starter-web/2.0.5.RELEASE/spring-boot-starter-web-2.0.5.RELEASE.jar
7f1d5b36d000-7f1d5b372000 r--s 00040000 08:01 970311                     /home/shane/.m2/repository/org/springframework/spring-expression/5.0.9.RELEASE/spring-expression-5.0.9.RELEASE.jar
7f1d5b372000-7f1d5b37f000 r--s 0006c000 08:01 1069410                    /home/shane/.m2/repository/org/springframework/security/spring-security-web/5.0.8.RELEASE/spring-security-web-5.0.8.RELEASE.jar
7f1d5b37f000-7f1d5b38a000 r--s 0009e000 08:01 1069407                    /home/shane/.m2/repository/org/springframework/security/spring-security-config/5.0.8.RELEASE/spring-security-config-5.0.8.RELEASE.jar
7f1d5b38a000-7f1d5b393000 r--s 00051000 08:01 970306                     /home/shane/.m2/repository/org/springframework/spring-aop/5.0.9.RELEASE/spring-aop-5.0.9.RELEASE.jar
7f1d5b393000-7f1d5b394000 r--s 00000000 08:01 970302                     /home/shane/.m2/repository/org/springframework/boot/spring-boot-starter-security/2.0.5.RELEASE/spring-boot-starter-security-2.0.5.RELEASE.jar
7f1d5b394000-7f1d5b39d000 r--s 00059000 08:01 1069403                    /home/shane/.m2/repository/org/springframework/spring-jdbc/5.0.9.RELEASE/spring-jdbc-5.0.9.RELEASE.jar
7f1d5b39d000-7f1d5b3a1000 r--s 00020000 08:01 970298                     /home/shane/.m2/repository/com/zaxxer/HikariCP/2.7.9/HikariCP-2.7.9.jar
7f1d5b3a1000-7f1d5b3a2000 r--s 00000000 08:01 1069400                    /home/shane/.m2/repository/org/springframework/boot/spring-boot-starter-jdbc/2.0.5.RELEASE/spring-boot-starter-jdbc-2.0.5.RELEASE.jar
7f1d5b3a2000-7f1d5b3a4000 r--s 0000a000 08:01 1200072                    /home/shane/.m2/repository/org/springframework/spring-aspects/5.0.9.RELEASE/spring-aspects-5.0.9.RELEASE.jar
7f1d5b3a4000-7f1d5b3a6000 r--s 00009000 08:01 951624                     /home/shane/.m2/repository/org/slf4j/slf4j-api/1.7.25/slf4j-api-1.7.25.jar
7f1d5b3a6000-7f1d5b3b3000 r--s 00095000 08:01 970300                     /home/shane/.m2/repository/org/springframework/spring-beans/5.0.9.RELEASE/spring-beans-5.0.9.RELEASE.jar
7f1d5b3b3000-7f1d5b3bb000 r--s 00037000 08:01 1069399                    /home/shane/.m2/repository/org/springframework/spring-tx/5.0.9.RELEASE/spring-tx-5.0.9.RELEASE.jar
7f1d5b3bb000-7f1d5b3d5000 r--s 000f1000 08:01 970305                     /home/shane/.m2/repository/org/springframework/spring-context/5.0.9.RELEASE/spring-context-5.0.9.RELEASE.jar
7f1d5b3d5000-7f1d5b3d9000 r--s 0002b000 08:01 1069396                    /home/shane/.m2/repository/org/springframework/spring-orm/5.0.9.RELEASE/spring-orm-5.0.9.RELEASE.jar
7f1d5b3d9000-7f1d5b3f0000 r--s 000f2000 08:01 970297                     /home/shane/.m2/repository/org/springframework/data/spring-data-commons/2.0.10.RELEASE/spring-data-commons-2.0.10.RELEASE.jar
7f1d5b3f0000-7f1d5b3f8000 r--s 0004c000 08:01 970292                     /home/shane/.m2/repository/org/springframework/data/spring-data-jpa/2.0.10.RELEASE/spring-data-jpa-2.0.10.RELEASE.jar
7f1d5b3f8000-7f1d5b3fb000 r--s 00010000 08:01 1204557                    /home/shane/.m2/repository/org/hibernate/common/hibernate-commons-annotations/5.0.1.Final/hibernate-commons-annotations-5.0.1.Final.jar
7f1d5b3fb000-7f1d5b400000 r--s 00048000 08:01 1204554                    /home/shane/.m2/repository/dom4j/dom4j/1.6.1/dom4j-1.6.1.jar
7f1d5b400000-7f1d5b402000 r--s 0000e000 08:01 1064578                    /home/shane/.m2/repository/com/fasterxml/classmate/1.3.4/classmate-1.3.4.jar
7f1d5b402000-7f1d5b405000 r--s 0002b000 08:01 1194931                    /home/shane/.m2/repository/org/jboss/jandex/2.0.3.Final/jandex-2.0.3.Final.jar
7f1d5b405000-7f1d5b40a000 r--s 00068000 08:01 1204551                    /home/shane/.m2/repository/antlr/antlr/2.7.7/antlr-2.7.7.jar
7f1d5b40a000-7f1d5b414000 r--s 000ab000 08:01 1200066                    /home/shane/.m2/repository/org/javassist/javassist/3.22.0-GA/javassist-3.22.0-GA.jar
7f1d5b414000-7f1d5b419000 r--s 00017000 08:01 1200064                    /home/shane/.m2/repository/org/hibernate/javax/persistence/hibernate-jpa-2.1-api/1.0.2.Final/hibernate-jpa-2.1-api-1.0.2.Final.jar
7f1d5b419000-7f1d5b41b000 r--s 0000f000 08:01 1069394                    /home/shane/.m2/repository/org/jboss/logging/jboss-logging/3.3.2.Final/jboss-logging-3.3.2.Final.jar
7f1d5b41b000-7f1d5b499000 r--s 005f0000 08:01 1069393                    /home/shane/.m2/repository/org/hibernate/hibernate-core/5.2.17.Final/hibernate-core-5.2.17.Final.jar
7f1d5b499000-7f1d5b4b2000 r--s 001bf000 08:01 1064547                    /home/shane/.m2/repository/org/aspectj/aspectjweaver/1.8.13/aspectjweaver-1.8.13.jar
7f1d5b4b2000-7f1d5b4b9000 r--s 00042000 08:01 1064546                    /home/shane/.m2/repository/org/yaml/snakeyaml/1.19/snakeyaml-1.19.jar
7f1d5b4b9000-7f1d5b4c4000 r--s 00069000 08:01 963843                     /home/shane/.m2/repository/ch/qos/logback/logback-core/1.2.3/logback-core-1.2.3.jar
7f1d5b4c4000-7f1d5b4e5000 r--s 000fe000 08:01 970295                     /home/shane/.m2/repository/org/springframework/boot/spring-boot-autoconfigure/2.0.5.RELEASE/spring-boot-autoconfigure-2.0.5.RELEASE.jar
7f1d5b4e5000-7f1d5b4fa000 r--s 000d0000 08:01 970291                     /home/shane/.m2/repository/org/springframework/boot/spring-boot/2.0.5.RELEASE/spring-boot-2.0.5.RELEASE.jar
7f1d5b4fa000-7f1d5b50d000 r--s 00345000 08:01 278710                     /usr/lib/jvm/java-8-oracle/jre/lib/resources.jar
7f1d5b50d000-7f1d5b520000 r--s 000d6000 08:01 278864                     /usr/lib/jvm/java-8-oracle/jre/lib/plugin.jar
7f1d5b520000-7f1d5b521000 ---p 00000000 00:00 0 
7f1d5b521000-7f1d5b621000 rw-p 00000000 00:00 0 
7f1d5b621000-7f1d5b624000 ---p 00000000 00:00 0 
7f1d5b624000-7f1d5b722000 rw-p 00000000 00:00 0 
7f1d5b722000-7f1d5b725000 ---p 00000000 00:00 0 
7f1d5b725000-7f1d5b823000 rw-p 00000000 00:00 0 
7f1d5b823000-7f1d5b826000 ---p 00000000 00:00 0 
7f1d5b826000-7f1d5b924000 rw-p 00000000 00:00 0 
7f1d5b924000-7f1d5b927000 ---p 00000000 00:00 0 
7f1d5b927000-7f1d5ba25000 rw-p 00000000 00:00 0 
7f1d5ba25000-7f1d5ba28000 ---p 00000000 00:00 0 
7f1d5ba28000-7f1d5bb26000 rw-p 00000000 00:00 0 
7f1d5bb26000-7f1d5bb29000 ---p 00000000 00:00 0 
7f1d5bb29000-7f1d5bc27000 rw-p 00000000 00:00 0 
7f1d5bc27000-7f1d5beff000 r--p 00000000 08:01 262938                     /usr/lib/locale/locale-archive
7f1d5beff000-7f1d5bf02000 ---p 00000000 00:00 0 
7f1d5bf02000-7f1d5c000000 rw-p 00000000 00:00 0 
7f1d5c000000-7f1d5c28d000 rw-p 00000000 00:00 0 
7f1d5c28d000-7f1d60000000 ---p 00000000 00:00 0 
7f1d60000000-7f1d60002000 r--s 00006000 08:01 1204560                    /home/shane/.m2/repository/javax/transaction/javax.transaction-api/1.2/javax.transaction-api-1.2.jar
7f1d60002000-7f1d60003000 r--s 00000000 08:01 1069389                    /home/shane/.m2/repository/org/springframework/boot/spring-boot-starter-aop/2.0.5.RELEASE/spring-boot-starter-aop-2.0.5.RELEASE.jar
7f1d60003000-7f1d60005000 r--s 00005000 08:01 1069390                    /home/shane/.m2/repository/javax/annotation/javax.annotation-api/1.3.2/javax.annotation-api-1.3.2.jar
7f1d60005000-7f1d60020000 r--s 00208000 08:01 278636                     /usr/lib/jvm/java-8-oracle/jre/lib/deploy.jar
7f1d60020000-7f1d60023000 ---p 00000000 00:00 0 
7f1d60023000-7f1d60121000 rw-p 00000000 00:00 0 
7f1d60121000-7f1d60122000 ---p 00000000 00:00 0 
7f1d60122000-7f1d64000000 rw-p 00000000 00:00 0 
7f1d64000000-7f1d64021000 rw-p 00000000 00:00 0 
7f1d64021000-7f1d68000000 ---p 00000000 00:00 0 
7f1d68000000-7f1d68021000 rw-p 00000000 00:00 0 
7f1d68021000-7f1d6c000000 ---p 00000000 00:00 0 
7f1d6c000000-7f1d6c021000 rw-p 00000000 00:00 0 
7f1d6c021000-7f1d70000000 ---p 00000000 00:00 0 
7f1d70000000-7f1d70021000 rw-p 00000000 00:00 0 
7f1d70021000-7f1d74000000 ---p 00000000 00:00 0 
7f1d74000000-7f1d74021000 rw-p 00000000 00:00 0 
7f1d74021000-7f1d78000000 ---p 00000000 00:00 0 
7f1d78000000-7f1d78021000 rw-p 00000000 00:00 0 
7f1d78021000-7f1d7c000000 ---p 00000000 00:00 0 
7f1d7c000000-7f1d7c021000 rw-p 00000000 00:00 0 
7f1d7c021000-7f1d80000000 ---p 00000000 00:00 0 
7f1d80000000-7f1d80021000 rw-p 00000000 00:00 0 
7f1d80021000-7f1d84000000 ---p 00000000 00:00 0 
7f1d84000000-7f1d84002000 r--s 00000000 08:01 1061708                    /home/shane/.m2/repository/org/slf4j/jul-to-slf4j/1.7.25/jul-to-slf4j-1.7.25.jar
7f1d84002000-7f1d84008000 r--s 00039000 08:01 1342402                    /home/shane/.m2/repository/org/apache/logging/log4j/log4j-api/2.10.0/log4j-api-2.10.0.jar
7f1d84008000-7f1d8400e000 r--s 00041000 08:01 963842                     /home/shane/.m2/repository/ch/qos/logback/logback-classic/1.2.3/logback-classic-1.2.3.jar
7f1d8400e000-7f1d84534000 rw-p 00000000 00:00 0 
7f1d84534000-7f1d8470d000 r--s 03d29000 08:01 278638                     /usr/lib/jvm/java-8-oracle/jre/lib/rt.jar
7f1d8470d000-7f1d848f9000 rw-p 00000000 00:00 0 
7f1d848f9000-7f1d848fa000 ---p 00000000 00:00 0 
7f1d848fa000-7f1d849fa000 rw-p 00000000 00:00 0 
7f1d849fa000-7f1d849fb000 ---p 00000000 00:00 0 
7f1d849fb000-7f1d84afb000 rw-p 00000000 00:00 0 
7f1d84afb000-7f1d84afc000 ---p 00000000 00:00 0 
7f1d84afc000-7f1d84bfc000 rw-p 00000000 00:00 0 
7f1d84bfc000-7f1d84bfd000 ---p 00000000 00:00 0 
7f1d84bfd000-7f1d84cfd000 rw-p 00000000 00:00 0 
7f1d84cfd000-7f1d84cfe000 ---p 00000000 00:00 0 
7f1d84cfe000-7f1d84dfe000 rw-p 00000000 00:00 0 
7f1d84dfe000-7f1d84dff000 ---p 00000000 00:00 0 
7f1d84dff000-7f1d84eff000 rw-p 00000000 00:00 0 
7f1d84eff000-7f1d84f00000 ---p 00000000 00:00 0 
7f1d84f00000-7f1d85000000 rw-p 00000000 00:00 0 
7f1d85000000-7f1d85b50000 rwxp 00000000 00:00 0 
7f1d85b50000-7f1d94000000 ---p 00000000 00:00 0 
7f1d94000000-7f1d94fd1000 rw-p 00000000 00:00 0 
7f1d94fd1000-7f1d98000000 ---p 00000000 00:00 0 
7f1d98000000-7f1d98002000 r--s 00003000 08:01 963847                     /home/shane/.m2/repository/org/apache/logging/log4j/log4j-to-slf4j/2.10.0/log4j-to-slf4j-2.10.0.jar
7f1d98002000-7f1d98003000 r--s 00000000 08:01 970287                     /home/shane/.m2/repository/org/springframework/boot/spring-boot-starter-logging/2.0.5.RELEASE/spring-boot-starter-logging-2.0.5.RELEASE.jar
7f1d98003000-7f1d98004000 r--s 00000000 08:01 970289                     /home/shane/.m2/repository/org/springframework/boot/spring-boot-starter/2.0.5.RELEASE/spring-boot-starter-2.0.5.RELEASE.jar
7f1d98004000-7f1d98008000 r--s 00097000 08:01 278865                     /usr/lib/jvm/java-8-oracle/jre/lib/jsse.jar
7f1d98008000-7f1d9800d000 r--s 00084000 08:01 278922                     /usr/lib/jvm/java-8-oracle/jre/lib/jfr.jar
7f1d9800d000-7f1d98010000 r--s 0001a000 08:01 278873                     /usr/lib/jvm/java-8-oracle/jre/lib/jce.jar
7f1d98010000-7f1d9801a000 r--s 0006c000 08:01 278921                     /usr/lib/jvm/java-8-oracle/jre/lib/javaws.jar
7f1d9801a000-7f1d98090000 rw-p 00000000 00:00 0 
7f1d98090000-7f1d98091000 ---p 00000000 00:00 0 
7f1d98091000-7f1d981a2000 rw-p 00000000 00:00 0 
7f1d981a2000-7f1d982d9000 ---p 00000000 00:00 0 
7f1d982d9000-7f1d982ea000 rw-p 00000000 00:00 0 
7f1d982ea000-7f1d98421000 ---p 00000000 00:00 0 
7f1d98421000-7f1d98466000 rw-p 00000000 00:00 0 
7f1d98466000-7f1d984c5000 ---p 00000000 00:00 0 
7f1d984c5000-7f1d984f4000 rw-p 00000000 00:00 0 
7f1d984f4000-7f1d98886000 ---p 00000000 00:00 0 
7f1d98886000-7f1d988a0000 r-xp 00000000 08:01 278696                     /usr/lib/jvm/java-8-oracle/jre/lib/amd64/libzip.so
7f1d988a0000-7f1d98aa0000 ---p 0001a000 08:01 278696                     /usr/lib/jvm/java-8-oracle/jre/lib/amd64/libzip.so
7f1d98aa0000-7f1d98aa1000 rw-p 0001a000 08:01 278696                     /usr/lib/jvm/java-8-oracle/jre/lib/amd64/libzip.so
7f1d98aa1000-7f1d98aac000 r-xp 00000000 08:01 1317947                    /lib/x86_64-linux-gnu/libnss_files-2.23.so
7f1d98aac000-7f1d98cab000 ---p 0000b000 08:01 1317947                    /lib/x86_64-linux-gnu/libnss_files-2.23.so
7f1d98cab000-7f1d98cac000 r--p 0000a000 08:01 1317947                    /lib/x86_64-linux-gnu/libnss_files-2.23.so
7f1d98cac000-7f1d98cad000 rw-p 0000b000 08:01 1317947                    /lib/x86_64-linux-gnu/libnss_files-2.23.so
7f1d98cad000-7f1d98cb3000 rw-p 00000000 00:00 0 
7f1d98cb3000-7f1d98cbe000 r-xp 00000000 08:01 1317951                    /lib/x86_64-linux-gnu/libnss_nis-2.23.so
7f1d98cbe000-7f1d98ebd000 ---p 0000b000 08:01 1317951                    /lib/x86_64-linux-gnu/libnss_nis-2.23.so
7f1d98ebd000-7f1d98ebe000 r--p 0000a000 08:01 1317951                    /lib/x86_64-linux-gnu/libnss_nis-2.23.so
7f1d98ebe000-7f1d98ebf000 rw-p 0000b000 08:01 1317951                    /lib/x86_64-linux-gnu/libnss_nis-2.23.so
7f1d98ebf000-7f1d98ed5000 r-xp 00000000 08:01 1317262                    /lib/x86_64-linux-gnu/libnsl-2.23.so
7f1d98ed5000-7f1d990d4000 ---p 00016000 08:01 1317262                    /lib/x86_64-linux-gnu/libnsl-2.23.so
7f1d990d4000-7f1d990d5000 r--p 00015000 08:01 1317262                    /lib/x86_64-linux-gnu/libnsl-2.23.so
7f1d990d5000-7f1d990d6000 rw-p 00016000 08:01 1317262                    /lib/x86_64-linux-gnu/libnsl-2.23.so
7f1d990d6000-7f1d990d8000 rw-p 00000000 00:00 0 
7f1d990d8000-7f1d990e0000 r-xp 00000000 08:01 1317824                    /lib/x86_64-linux-gnu/libnss_compat-2.23.so
7f1d990e0000-7f1d992df000 ---p 00008000 08:01 1317824                    /lib/x86_64-linux-gnu/libnss_compat-2.23.so
7f1d992df000-7f1d992e0000 r--p 00007000 08:01 1317824                    /lib/x86_64-linux-gnu/libnss_compat-2.23.so
7f1d992e0000-7f1d992e1000 rw-p 00008000 08:01 1317824                    /lib/x86_64-linux-gnu/libnss_compat-2.23.so
7f1d992e1000-7f1d9930b000 r-xp 00000000 08:01 278647                     /usr/lib/jvm/java-8-oracle/jre/lib/amd64/libjava.so
7f1d9930b000-7f1d9950b000 ---p 0002a000 08:01 278647                     /usr/lib/jvm/java-8-oracle/jre/lib/amd64/libjava.so
7f1d9950b000-7f1d9950d000 rw-p 0002a000 08:01 278647                     /usr/lib/jvm/java-8-oracle/jre/lib/amd64/libjava.so
7f1d9950d000-7f1d9951a000 r-xp 00000000 08:01 278704                     /usr/lib/jvm/java-8-oracle/jre/lib/amd64/libverify.so
7f1d9951a000-7f1d9971a000 ---p 0000d000 08:01 278704                     /usr/lib/jvm/java-8-oracle/jre/lib/amd64/libverify.so
7f1d9971a000-7f1d9971c000 rw-p 0000d000 08:01 278704                     /usr/lib/jvm/java-8-oracle/jre/lib/amd64/libverify.so
7f1d9971c000-7f1d99723000 r-xp 00000000 08:01 1317952                    /lib/x86_64-linux-gnu/librt-2.23.so
7f1d99723000-7f1d99922000 ---p 00007000 08:01 1317952                    /lib/x86_64-linux-gnu/librt-2.23.so
7f1d99922000-7f1d99923000 r--p 00006000 08:01 1317952                    /lib/x86_64-linux-gnu/librt-2.23.so
7f1d99923000-7f1d99924000 rw-p 00007000 08:01 1317952                    /lib/x86_64-linux-gnu/librt-2.23.so
7f1d99924000-7f1d99a2c000 r-xp 00000000 08:01 1317225                    /lib/x86_64-linux-gnu/libm-2.23.so
7f1d99a2c000-7f1d99c2b000 ---p 00108000 08:01 1317225                    /lib/x86_64-linux-gnu/libm-2.23.so
7f1d99c2b000-7f1d99c2c000 r--p 00107000 08:01 1317225                    /lib/x86_64-linux-gnu/libm-2.23.so
7f1d99c2c000-7f1d99c2d000 rw-p 00108000 08:01 1317225                    /lib/x86_64-linux-gnu/libm-2.23.so
7f1d99c2d000-7f1d9a8f8000 r-xp 00000000 08:01 278686                     /usr/lib/jvm/java-8-oracle/jre/lib/amd64/server/libjvm.so
7f1d9a8f8000-7f1d9aaf7000 ---p 00ccb000 08:01 278686                     /usr/lib/jvm/java-8-oracle/jre/lib/amd64/server/libjvm.so
7f1d9aaf7000-7f1d9abd0000 rw-p 00cca000 08:01 278686                     /usr/lib/jvm/java-8-oracle/jre/lib/amd64/server/libjvm.so
7f1d9abd0000-7f1d9ac1b000 rw-p 00000000 00:00 0 
7f1d9ac1b000-7f1d9addb000 r-xp 00000000 08:01 1317800                    /lib/x86_64-linux-gnu/libc-2.23.so
7f1d9addb000-7f1d9afdb000 ---p 001c0000 08:01 1317800                    /lib/x86_64-linux-gnu/libc-2.23.so
7f1d9afdb000-7f1d9afdf000 r--p 001c0000 08:01 1317800                    /lib/x86_64-linux-gnu/libc-2.23.so
7f1d9afdf000-7f1d9afe1000 rw-p 001c4000 08:01 1317800                    /lib/x86_64-linux-gnu/libc-2.23.so
7f1d9afe1000-7f1d9afe5000 rw-p 00000000 00:00 0 
7f1d9afe5000-7f1d9afe8000 r-xp 00000000 08:01 1317818                    /lib/x86_64-linux-gnu/libdl-2.23.so
7f1d9afe8000-7f1d9b1e7000 ---p 00003000 08:01 1317818                    /lib/x86_64-linux-gnu/libdl-2.23.so
7f1d9b1e7000-7f1d9b1e8000 r--p 00002000 08:01 1317818                    /lib/x86_64-linux-gnu/libdl-2.23.so
7f1d9b1e8000-7f1d9b1e9000 rw-p 00003000 08:01 1317818                    /lib/x86_64-linux-gnu/libdl-2.23.so
7f1d9b1e9000-7f1d9b1fe000 r-xp 00000000 08:01 272445                     /usr/lib/jvm/java-8-oracle/lib/amd64/jli/libjli.so
7f1d9b1fe000-7f1d9b3fe000 ---p 00015000 08:01 272445                     /usr/lib/jvm/java-8-oracle/lib/amd64/jli/libjli.so
7f1d9b3fe000-7f1d9b3ff000 rw-p 00015000 08:01 272445                     /usr/lib/jvm/java-8-oracle/lib/amd64/jli/libjli.so
7f1d9b3ff000-7f1d9b417000 r-xp 00000000 08:01 1317799                    /lib/x86_64-linux-gnu/libpthread-2.23.so
7f1d9b417000-7f1d9b616000 ---p 00018000 08:01 1317799                    /lib/x86_64-linux-gnu/libpthread-2.23.so
7f1d9b616000-7f1d9b617000 r--p 00017000 08:01 1317799                    /lib/x86_64-linux-gnu/libpthread-2.23.so
7f1d9b617000-7f1d9b618000 rw-p 00018000 08:01 1317799                    /lib/x86_64-linux-gnu/libpthread-2.23.so
7f1d9b618000-7f1d9b61c000 rw-p 00000000 00:00 0 
7f1d9b61c000-7f1d9b642000 r-xp 00000000 08:01 1317599                    /lib/x86_64-linux-gnu/ld-2.23.so
7f1d9b642000-7f1d9b643000 r--s 00000000 08:01 1069387                    /home/shane/.m2/repository/org/springframework/boot/spring-boot-starter-data-jpa/2.0.5.RELEASE/spring-boot-starter-data-jpa-2.0.5.RELEASE.jar
7f1d9b643000-7f1d9b644000 r--s 00000000 08:01 278707                     /usr/lib/jvm/java-8-oracle/jre/lib/management-agent.jar
7f1d9b644000-7f1d9b649000 r--s 002f9000 08:01 278718                     /usr/lib/jvm/java-8-oracle/jre/lib/charsets.jar
7f1d9b649000-7f1d9b71b000 rw-p 00000000 00:00 0 
7f1d9b71b000-7f1d9b71e000 ---p 00000000 00:00 0 
7f1d9b71e000-7f1d9b821000 rw-p 00000000 00:00 0 
7f1d9b821000-7f1d9b823000 r--s 00007000 08:01 278827                     /usr/lib/jvm/java-8-oracle/jre/lib/jfxswt.jar
7f1d9b823000-7f1d9b837000 rw-p 00000000 00:00 0 
7f1d9b837000-7f1d9b83f000 rw-s 00000000 08:01 531999                     /tmp/hsperfdata_shane/8311
7f1d9b83f000-7f1d9b840000 rw-p 00000000 00:00 0 
7f1d9b840000-7f1d9b841000 ---p 00000000 00:00 0 
7f1d9b841000-7f1d9b842000 r--p 00025000 08:01 1317599                    /lib/x86_64-linux-gnu/ld-2.23.so
7f1d9b842000-7f1d9b843000 rw-p 00026000 08:01 1317599                    /lib/x86_64-linux-gnu/ld-2.23.so
7f1d9b843000-7f1d9b844000 rw-p 00000000 00:00 0 
7fffea55c000-7fffea67f000 rw-p 00000000 00:00 0                          [stack]
7fffea7dc000-7fffea7de000 r--p 00000000 00:00 0                          [vvar]
7fffea7de000-7fffea7e0000 r-xp 00000000 00:00 0                          [vdso]
ffffffffff600000-ffffffffff601000 r-xp 00000000 00:00 0                  [vsyscall]

VM Arguments:
jvm_args: -Dspring.output.ansi.enabled=always -Didea.launcher.port=7532 -Didea.launcher.bin.path=/opt/idea-IU-162.1628.40/bin -Dfile.encoding=UTF-8 
java_command: com.intellij.rt.execution.application.AppMain com.codeforgood.team10.BackendApplication
java_class_path (initial): /usr/lib/jvm/java-8-oracle/jre/lib/charsets.jar:/usr/lib/jvm/java-8-oracle/jre/lib/deploy.jar:/usr/lib/jvm/java-8-oracle/jre/lib/ext/cldrdata.jar:/usr/lib/jvm/java-8-oracle/jre/lib/ext/dnsns.jar:/usr/lib/jvm/java-8-oracle/jre/lib/ext/jaccess.jar:/usr/lib/jvm/java-8-oracle/jre/lib/ext/jfxrt.jar:/usr/lib/jvm/java-8-oracle/jre/lib/ext/localedata.jar:/usr/lib/jvm/java-8-oracle/jre/lib/ext/nashorn.jar:/usr/lib/jvm/java-8-oracle/jre/lib/ext/sunec.jar:/usr/lib/jvm/java-8-oracle/jre/lib/ext/sunjce_provider.jar:/usr/lib/jvm/java-8-oracle/jre/lib/ext/sunpkcs11.jar:/usr/lib/jvm/java-8-oracle/jre/lib/ext/zipfs.jar:/usr/lib/jvm/java-8-oracle/jre/lib/javaws.jar:/usr/lib/jvm/java-8-oracle/jre/lib/jce.jar:/usr/lib/jvm/java-8-oracle/jre/lib/jfr.jar:/usr/lib/jvm/java-8-oracle/jre/lib/jfxswt.jar:/usr/lib/jvm/java-8-oracle/jre/lib/jsse.jar:/usr/lib/jvm/java-8-oracle/jre/lib/management-agent.jar:/usr/lib/jvm/java-8-oracle/jre/lib/plugin.jar:/usr/lib/jvm/java-8-oracle/jre/lib/resources.jar:/usr/lib/jvm/java-8-oracle/jre/lib/rt.jar:/home/shane/workspace/codeforgood/team-10/backend/target/classes:/home/shane/.m2/repository/org/springframework/boot/spring-boot-starter-data-jpa/2.0.5.RELEASE/spring-boot-starter-data-jpa-2.0.5.RELEASE.jar:/home/shane/.m2/repository/org/springframework/boot/spring-boot-starter/2.0.5.RELEASE/spring-boot-starter-2.0.5.RELEASE.jar:/home/shane/.m2/repository/org/springframework/boot/spring-boot/2.0.5.RELEASE/spring-boot-2.0.5.RELEASE.jar:/home/shane/.m2/repository/org/springframework/boot/spring-boot-autoconfigure/2.0.5.RELEASE/spring-boot-autoconfigure-2.0.5.RELEASE.jar:/home/shane/.m2/repository/org/springframework/boot/spring-boot-starter-logging/2.0.5.RELEASE/spring-boot-starter-logging-2.0.5.RELEASE.jar:/home/shane/.m2/repository/ch/qos/logback/logback-classic/1.2.3/logback-classic-1.2.3.jar:/home/shane/.m2/repository/ch/qos/logback/logback-core/1.2.3/logback-core-1.2.3.jar:/home/shane/.m2/repository/org/apache/logging/log4j/log4j
Launcher Type: SUN_STANDARD

Environment Variables:
JAVA_HOME=/usr/lib/jvm/java-8-oracle/
PATH=/usr/local/sbin:/usr/local/bin:/usr/sbin:/usr/bin:/sbin:/bin:/usr/games:/usr/local/games:/snap/bin:/home/shane/.rvm/bin
LD_LIBRARY_PATH=/opt/idea-IU-162.1628.40/bin:
SHELL=/usr/bin/zsh
DISPLAY=:0

Signal Handlers:
SIGSEGV: [libjvm.so+0xac4790], sa_mask[0]=11111111011111111101111111111110, sa_flags=SA_RESTART|SA_SIGINFO
SIGBUS: [libjvm.so+0xac4790], sa_mask[0]=11111111011111111101111111111110, sa_flags=SA_RESTART|SA_SIGINFO
SIGFPE: [libjvm.so+0x91f140], sa_mask[0]=11111111011111111101111111111110, sa_flags=SA_RESTART|SA_SIGINFO
SIGPIPE: [libjvm.so+0x91f140], sa_mask[0]=11111111011111111101111111111110, sa_flags=SA_RESTART|SA_SIGINFO
SIGXFSZ: [libjvm.so+0x91f140], sa_mask[0]=11111111011111111101111111111110, sa_flags=SA_RESTART|SA_SIGINFO
SIGILL: [libjvm.so+0x91f140], sa_mask[0]=11111111011111111101111111111110, sa_flags=SA_RESTART|SA_SIGINFO
SIGUSR1: SIG_DFL, sa_mask[0]=00000000000000000000000000000000, sa_flags=none
SIGUSR2: [libjvm.so+0x920770], sa_mask[0]=00100000000000000000000000000000, sa_flags=SA_RESTART|SA_SIGINFO
SIGHUP: [libjvm.so+0x921b70], sa_mask[0]=11111111011111111101111111111110, sa_flags=SA_RESTART|SA_SIGINFO
SIGINT: [libjvm.so+0x921b70], sa_mask[0]=11111111011111111101111111111110, sa_flags=SA_RESTART|SA_SIGINFO
SIGTERM: [libjvm.so+0x921b70], sa_mask[0]=11111111011111111101111111111110, sa_flags=SA_RESTART|SA_SIGINFO
SIGQUIT: [libjvm.so+0x921b70], sa_mask[0]=11111111011111111101111111111110, sa_flags=SA_RESTART|SA_SIGINFO


---------------  S Y S T E M  ---------------

OS:DISTRIB_ID=Ubuntu
DISTRIB_RELEASE=16.04
DISTRIB_CODENAME=xenial
DISTRIB_DESCRIPTION="Ubuntu 16.04.4 LTS"

uname:Linux 4.4.0-81-generic #104-Ubuntu SMP Wed Jun 14 08:17:06 UTC 2017 x86_64
libc:glibc 2.23 NPTL 2.23 
rlimit: STACK 8192k, CORE 0k, NPROC 15577, NOFILE 1048576, AS infinity
load average:1.59 0.43 0.21

/proc/meminfo:
MemTotal:        4028728 kB
MemFree:          103728 kB
MemAvailable:      21484 kB
Buffers:            1016 kB
Cached:            54720 kB
SwapCached:            0 kB
Active:          3300000 kB
Inactive:          41700 kB
Active(anon):    3290520 kB
Inactive(anon):    29176 kB
Active(file):       9480 kB
Inactive(file):    12524 kB
Unevictable:          56 kB
Mlocked:              56 kB
SwapTotal:             0 kB
SwapFree:              0 kB
Dirty:               192 kB
Writeback:             0 kB
AnonPages:       3289444 kB
Mapped:            39048 kB
Shmem:             30340 kB
Slab:             126240 kB
SReclaimable:      54756 kB
SUnreclaim:        71484 kB
KernelStack:       13664 kB
PageTables:        33892 kB
NFS_Unstable:          0 kB
Bounce:                0 kB
WritebackTmp:          0 kB
CommitLimit:     2014364 kB
Committed_AS:    7128544 kB
VmallocTotal:   34359738367 kB
VmallocUsed:           0 kB
VmallocChunk:          0 kB
HardwareCorrupted:     0 kB
AnonHugePages:   1806336 kB
CmaTotal:              0 kB
CmaFree:               0 kB
HugePages_Total:       0
HugePages_Free:        0
HugePages_Rsvd:        0
HugePages_Surp:        0
Hugepagesize:       2048 kB
DirectMap4k:      206656 kB
DirectMap2M:     3987456 kB
DirectMap1G:     2097152 kB


CPU:total 8 (8 cores per cpu, 1 threads per core) family 6 model 94 stepping 3, cmov, cx8, fxsr, mmx, sse, sse2, sse3, ssse3, sse4.1, sse4.2, popcnt, avx, avx2, aes, clmul, erms, rtm, 3dnowpref, lzcnt, tsc, tscinvbit, bmi1, bmi2, adx

/proc/cpuinfo:
processor	: 0
vendor_id	: GenuineIntel
cpu family	: 6
model		: 94
model name	: Intel(R) Core(TM) i7-6700HQ CPU @ 2.60GHz
stepping	: 3
microcode	: 0xc6
cpu MHz		: 2601.000
cache size	: 6144 KB
physical donationId	: 0
siblings	: 8
core donationId		: 0
cpu cores	: 8
apicid		: 0
initial apicid	: 0
fpu		: yes
fpu_exception	: yes
cpuid level	: 22
wp		: yes
flags		: fpu vme de pse tsc msr pae mce cx8 apic sep mtrr pge mca cmov pat pse36 clflush mmx fxsr sse sse2 ss ht syscall nx pdpe1gb rdtscp lm constant_tsc arch_perfmon nopl xtopology tsc_reliable nonstop_tsc eagerfpu pni pclmulqdq vmx ssse3 fma cx16 pcid sse4_1 sse4_2 x2apic movbe popcnt tsc_deadline_timer aes xsave avx f16c rdrand hypervisor lahf_lm abm 3dnowprefetch tpr_shadow vnmi ept vpid fsgsbase tsc_adjust bmi1 hle avx2 smep bmi2 invpcid rtm rdseed adx smap xsaveopt arat
bugs		:
bogomips	: 5202.00
clflush size	: 64
cache_alignment	: 64
address sizes	: 42 bits physical, 48 bits virtual
power management:

processor	: 1
vendor_id	: GenuineIntel
cpu family	: 6
model		: 94
model name	: Intel(R) Core(TM) i7-6700HQ CPU @ 2.60GHz
stepping	: 3
microcode	: 0xc6
cpu MHz		: 2601.000
cache size	: 6144 KB
physical donationId	: 0
siblings	: 8
core donationId		: 1
cpu cores	: 8
apicid		: 1
initial apicid	: 1
fpu		: yes
fpu_exception	: yes
cpuid level	: 22
wp		: yes
flags		: fpu vme de pse tsc msr pae mce cx8 apic sep mtrr pge mca cmov pat pse36 clflush mmx fxsr sse sse2 ss ht syscall nx pdpe1gb rdtscp lm constant_tsc arch_perfmon nopl xtopology tsc_reliable nonstop_tsc eagerfpu pni pclmulqdq vmx ssse3 fma cx16 pcid sse4_1 sse4_2 x2apic movbe popcnt tsc_deadline_timer aes xsave avx f16c rdrand hypervisor lahf_lm abm 3dnowprefetch tpr_shadow vnmi ept vpid fsgsbase tsc_adjust bmi1 hle avx2 smep bmi2 invpcid rtm rdseed adx smap xsaveopt arat
bugs		:
bogomips	: 5202.00
clflush size	: 64
cache_alignment	: 64
address sizes	: 42 bits physical, 48 bits virtual
power management:

processor	: 2
vendor_id	: GenuineIntel
cpu family	: 6
model		: 94
model name	: Intel(R) Core(TM) i7-6700HQ CPU @ 2.60GHz
stepping	: 3
microcode	: 0xc6
cpu MHz		: 2601.000
cache size	: 6144 KB
physical donationId	: 0
siblings	: 8
core donationId		: 2
cpu cores	: 8
apicid		: 2
initial apicid	: 2
fpu		: yes
fpu_exception	: yes
cpuid level	: 22
wp		: yes
flags		: fpu vme de pse tsc msr pae mce cx8 apic sep mtrr pge mca cmov pat pse36 clflush mmx fxsr sse sse2 ss ht syscall nx pdpe1gb rdtscp lm constant_tsc arch_perfmon nopl xtopology tsc_reliable nonstop_tsc eagerfpu pni pclmulqdq vmx ssse3 fma cx16 pcid sse4_1 sse4_2 x2apic movbe popcnt tsc_deadline_timer aes xsave avx f16c rdrand hypervisor lahf_lm abm 3dnowprefetch tpr_shadow vnmi ept vpid fsgsbase tsc_adjust bmi1 hle avx2 smep bmi2 invpcid rtm rdseed adx smap xsaveopt arat
bugs		:
bogomips	: 5202.00
clflush size	: 64
cache_alignment	: 64
address sizes	: 42 bits physical, 48 bits virtual
power management:

processor	: 3
vendor_id	: GenuineIntel
cpu family	: 6
model		: 94
model name	: Intel(R) Core(TM) i7-6700HQ CPU @ 2.60GHz
stepping	: 3
microcode	: 0xc6
cpu MHz		: 2601.000
cache size	: 6144 KB
physical donationId	: 0
siblings	: 8
core donationId		: 3
cpu cores	: 8
apicid		: 3
initial apicid	: 3
fpu		: yes
fpu_exception	: yes
cpuid level	: 22
wp		: yes
flags		: fpu vme de pse tsc msr pae mce cx8 apic sep mtrr pge mca cmov pat pse36 clflush mmx fxsr sse sse2 ss ht syscall nx pdpe1gb rdtscp lm constant_tsc arch_perfmon nopl xtopology tsc_reliable nonstop_tsc eagerfpu pni pclmulqdq vmx ssse3 fma cx16 pcid sse4_1 sse4_2 x2apic movbe popcnt tsc_deadline_timer aes xsave avx f16c rdrand hypervisor lahf_lm abm 3dnowprefetch tpr_shadow vnmi ept vpid fsgsbase tsc_adjust bmi1 hle avx2 smep bmi2 invpcid rtm rdseed adx smap xsaveopt arat
bugs		:
bogomips	: 5202.00
clflush size	: 64
cache_alignment	: 64
address sizes	: 42 bits physical, 48 bits virtual
power management:

processor	: 4
vendor_id	: GenuineIntel
cpu family	: 6
model		: 94
model name	: Intel(R) Core(TM) i7-6700HQ CPU @ 2.60GHz
stepping	: 3
microcode	: 0xc6
cpu MHz		: 2601.000
cache size	: 6144 KB
physical donationId	: 0
siblings	: 8
core donationId		: 4
cpu cores	: 8
apicid		: 4
initial apicid	: 4
fpu		: yes
fpu_exception	: yes
cpuid level	: 22
wp		: yes
flags		: fpu vme de pse tsc msr pae mce cx8 apic sep mtrr pge mca cmov pat pse36 clflush mmx fxsr sse sse2 ss ht syscall nx pdpe1gb rdtscp lm constant_tsc arch_perfmon nopl xtopology tsc_reliable nonstop_tsc eagerfpu pni pclmulqdq vmx ssse3 fma cx16 pcid sse4_1 sse4_2 x2apic movbe popcnt tsc_deadline_timer aes xsave avx f16c rdrand hypervisor lahf_lm abm 3dnowprefetch tpr_shadow vnmi ept vpid fsgsbase tsc_adjust bmi1 hle avx2 smep bmi2 invpcid rtm rdseed adx smap xsaveopt arat
bugs		:
bogomips	: 5202.00
clflush size	: 64
cache_alignment	: 64
address sizes	: 42 bits physical, 48 bits virtual
power management:

processor	: 5
vendor_id	: GenuineIntel
cpu family	: 6
model		: 94
model name	: Intel(R) Core(TM) i7-6700HQ CPU @ 2.60GHz
stepping	: 3
microcode	: 0xc6
cpu MHz		: 2601.000
cache size	: 6144 KB
physical donationId	: 0
siblings	: 8
core donationId		: 5
cpu cores	: 8
apicid		: 5
initial apicid	: 5
fpu		: yes
fpu_exception	: yes
cpuid level	: 22
wp		: yes
flags		: fpu vme de pse tsc msr pae mce cx8 apic sep mtrr pge mca cmov pat pse36 clflush mmx fxsr sse sse2 ss ht syscall nx pdpe1gb rdtscp lm constant_tsc arch_perfmon nopl xtopology tsc_reliable nonstop_tsc eagerfpu pni pclmulqdq vmx ssse3 fma cx16 pcid sse4_1 sse4_2 x2apic movbe popcnt tsc_deadline_timer aes xsave avx f16c rdrand hypervisor lahf_lm abm 3dnowprefetch tpr_shadow vnmi ept vpid fsgsbase tsc_adjust bmi1 hle avx2 smep bmi2 invpcid rtm rdseed adx smap xsaveopt arat
bugs		:
bogomips	: 5202.00
clflush size	: 64
cache_alignment	: 64
address sizes	: 42 bits physical, 48 bits virtual
power management:

processor	: 6
vendor_id	: GenuineIntel
cpu family	: 6
model		: 94
model name	: Intel(R) Core(TM) i7-6700HQ CPU @ 2.60GHz
stepping	: 3
microcode	: 0xc6
cpu MHz		: 2601.000
cache size	: 6144 KB
physical donationId	: 0
siblings	: 8
core donationId		: 6
cpu cores	: 8
apicid		: 6
initial apicid	: 6
fpu		: yes
fpu_exception	: yes
cpuid level	: 22
wp		: yes
flags		: fpu vme de pse tsc msr pae mce cx8 apic sep mtrr pge mca cmov pat pse36 clflush mmx fxsr sse sse2 ss ht syscall nx pdpe1gb rdtscp lm constant_tsc arch_perfmon nopl xtopology tsc_reliable nonstop_tsc eagerfpu pni pclmulqdq vmx ssse3 fma cx16 pcid sse4_1 sse4_2 x2apic movbe popcnt tsc_deadline_timer aes xsave avx f16c rdrand hypervisor lahf_lm abm 3dnowprefetch tpr_shadow vnmi ept vpid fsgsbase tsc_adjust bmi1 hle avx2 smep bmi2 invpcid rtm rdseed adx smap xsaveopt arat
bugs		:
bogomips	: 5202.00
clflush size	: 64
cache_alignment	: 64
address sizes	: 42 bits physical, 48 bits virtual
power management:

processor	: 7
vendor_id	: GenuineIntel
cpu family	: 6
model		: 94
model name	: Intel(R) Core(TM) i7-6700HQ CPU @ 2.60GHz
stepping	: 3
microcode	: 0xc6
cpu MHz		: 2601.000
cache size	: 6144 KB
physical donationId	: 0
siblings	: 8
core donationId		: 7
cpu cores	: 8
apicid		: 7
initial apicid	: 7
fpu		: yes
fpu_exception	: yes
cpuid level	: 22
wp		: yes
flags		: fpu vme de pse tsc msr pae mce cx8 apic sep mtrr pge mca cmov pat pse36 clflush mmx fxsr sse sse2 ss ht syscall nx pdpe1gb rdtscp lm constant_tsc arch_perfmon nopl xtopology tsc_reliable nonstop_tsc eagerfpu pni pclmulqdq vmx ssse3 fma cx16 pcid sse4_1 sse4_2 x2apic movbe popcnt tsc_deadline_timer aes xsave avx f16c rdrand hypervisor lahf_lm abm 3dnowprefetch tpr_shadow vnmi ept vpid fsgsbase tsc_adjust bmi1 hle avx2 smep bmi2 invpcid rtm rdseed adx smap xsaveopt arat
bugs		:
bogomips	: 5202.00
clflush size	: 64
cache_alignment	: 64
address sizes	: 42 bits physical, 48 bits virtual
power management:



Memory: 4k page, physical 4028728k(103728k free), swap 0k(0k free)

vm_info: Java HotSpot(TM) 64-Bit Server VM (25.101-b13) for linux-amd64 JRE (1.8.0_101-b13), built on Jun 22 2016 02:59:44 by "java_re" with gcc 4.3.0 20080428 (Red Hat 4.3.0-8)

time: Fri Sep 21 21:20:44 2018
elapsed time: 5 seconds (0d 0h 0m 5s)

